<?xml version="1.0" encoding="UTF-8"?>
<!-- Generated by org.testng.reporters.JUnitXMLReporter -->
<testsuite ignored="0" hostname="gopika" failures="1" tests="13" name="Test" time="625.126" errors="0" timestamp="2023-09-04T00:04:23 IST">
  <testcase classname="testPkg.IndexTest$Testclass" name="LogoCheckOnIndexPage" time="8.061"/>
  <testcase classname="testPkg.IndexTest$Testclass" name="LogoAndNameOnIndexPage" time="7.063"/>
  <testcase classname="testPkg.IndexTest$Testclass" name="PageTitleCheck" time="0.02"/>
  <testcase classname="testPkg.IndexTest$Testclass" name="PageTextsCheck" time="0.027"/>
  <testcase classname="testPkg.IndexTest$Testclass" name="LinksOnIndexPage" time="11.971"/>
  <testcase classname="testPkg.LoginTest" name="verifyLogin" time="191.819"/>
  <testcase classname="testPkg.AdminTest" name="AdminUsersearch" time="65.868"/>
  <testcase classname="testPkg.PimTest" name="PIMaddEmp" time="79.92"/>
  <testcase classname="testPkg.PimTest" name="PersonalDetailsAdd" time="54.765"/>
  <testcase classname="testPkg.PimTest" name="SearchNewEmployee" time="49.33"/>
  <testcase classname="testPkg.PimTest" name="DeleteEmployee" time="40.955"/>
  <testcase classname="testPkg.LogOutTest" name="logout" time="40.567"/>
  <testcase classname="testPkg.UserNameTest" name="UserNameCheck" time="17.714">
    <failure type="java.lang.AssertionError" message="Username is not case sensitive expected [https://opensource-demo.orangehrmlive.com/web/index.php/auth/login] but found [https://opensource-demo.orangehrmlive.com/web/index.php/dashboard/index]">
      <![CDATA[java.lang.AssertionError: Username is not case sensitive expected [https://opensource-demo.orangehrmlive.com/web/index.php/auth/login] but found [https://opensource-demo.orangehrmlive.com/web/index.php/dashboard/index]
at testPkg.UserNameTest.UserNameCheck(UserNameTest.java:21)
at java.base/java.util.ArrayList.forEach(ArrayList.java:1511)
... Removed 32 stack frames]]>
    </failure>
  </testcase> <!-- UserNameCheck -->
</testsuite> <!-- Test -->
